2024-08-27T23:31:05.357+09:00  INFO 68727 --- [main] com.yh.erp.ErpApplication                : Starting ErpApplication using Java 17.0.5 with PID 68727 (/Users/min/Documents/toyProject/yh-erp/out/production/classes started by min in /Users/min/Documents/toyProject/yh-erp)
2024-08-27T23:31:05.358+09:00  INFO 68727 --- [main] com.yh.erp.ErpApplication                : The following 1 profile is active: "local"
2024-08-27T23:31:05.672+09:00  INFO 68727 --- [main] .s.d.r.c.RepositoryConfigurationDelegate : Bootstrapping Spring Data JPA repositories in DEFAULT mode.
2024-08-27T23:31:05.706+09:00  INFO 68727 --- [main] .s.d.r.c.RepositoryConfigurationDelegate : Finished Spring Data repository scanning in 31 ms. Found 4 JPA repository interfaces.
2024-08-27T23:31:06.084+09:00  INFO 68727 --- [main] o.s.b.w.embedded.tomcat.TomcatWebServer  : Tomcat initialized with port 8080 (http)
2024-08-27T23:31:06.091+09:00  INFO 68727 --- [main] o.apache.catalina.core.StandardService   : Starting service [Tomcat]
2024-08-27T23:31:06.091+09:00  INFO 68727 --- [main] o.apache.catalina.core.StandardEngine    : Starting Servlet engine: [Apache Tomcat/10.1.19]
2024-08-27T23:31:06.125+09:00  INFO 68727 --- [main] o.a.c.c.C.[Tomcat].[localhost].[/]       : Initializing Spring embedded WebApplicationContext
2024-08-27T23:31:06.125+09:00  INFO 68727 --- [main] w.s.c.ServletWebServerApplicationContext : Root WebApplicationContext: initialization completed in 748 ms
2024-08-27T23:31:06.207+09:00  INFO 68727 --- [main] o.hibernate.jpa.internal.util.LogHelper  : HHH000204: Processing PersistenceUnitInfo [name: default]
2024-08-27T23:31:06.235+09:00  INFO 68727 --- [main] org.hibernate.Version                    : HHH000412: Hibernate ORM core version 6.4.4.Final
2024-08-27T23:31:06.252+09:00  INFO 68727 --- [main] o.h.c.internal.RegionFactoryInitiator    : HHH000026: Second-level cache disabled
2024-08-27T23:31:06.383+09:00  INFO 68727 --- [main] o.s.o.j.p.SpringPersistenceUnitInfo      : No LoadTimeWeaver setup: ignoring JPA class transformer
2024-08-27T23:31:06.398+09:00  INFO 68727 --- [main] com.zaxxer.hikari.HikariDataSource       : HikariPool-1 - Starting...
2024-08-27T23:31:06.400+09:00  WARN 68727 --- [main] c.zaxxer.hikari.util.DriverDataSource    : Registered driver with driverClassName=com.mysql.jdbc.Driver was not found, trying direct instantiation.
2024-08-27T23:31:06.676+09:00  INFO 68727 --- [main] com.zaxxer.hikari.pool.HikariPool        : HikariPool-1 - Added connection com.mysql.cj.jdbc.ConnectionImpl@35536760
2024-08-27T23:31:06.678+09:00  INFO 68727 --- [main] com.zaxxer.hikari.HikariDataSource       : HikariPool-1 - Start completed.
2024-08-27T23:31:07.262+09:00  INFO 68727 --- [main] o.h.e.t.j.p.i.JtaPlatformInitiator       : HHH000489: No JTA platform available (set 'hibernate.transaction.jta.platform' to enable JTA platform integration)
2024-08-27T23:31:07.264+09:00  INFO 68727 --- [main] j.LocalContainerEntityManagerFactoryBean : Initialized JPA EntityManagerFactory for persistence unit 'default'
2024-08-27T23:31:07.667+09:00  INFO 68727 --- [main] o.s.s.web.DefaultSecurityFilterChain     : Will secure any request with [org.springframework.security.web.session.DisableEncodeUrlFilter@30942f54, org.springframework.security.web.context.request.async.WebAsyncManagerIntegrationFilter@11d557a5, org.springframework.security.web.context.SecurityContextHolderFilter@580a5b6e, org.springframework.security.web.header.HeaderWriterFilter@2a728076, org.springframework.web.filter.CorsFilter@55b5ce0f, org.springframework.security.web.authentication.logout.LogoutFilter@7680beac, org.springframework.security.web.authentication.UsernamePasswordAuthenticationFilter@3ed3e66d, org.springframework.security.web.authentication.ui.DefaultLoginPageGeneratingFilter@119f035f, org.springframework.security.web.authentication.ui.DefaultLogoutPageGeneratingFilter@65067d37, org.springframework.security.web.savedrequest.RequestCacheAwareFilter@14f1545c, org.springframework.security.web.servletapi.SecurityContextHolderAwareRequestFilter@1ec98548, org.springframework.security.web.authentication.AnonymousAuthenticationFilter@74f9004c, org.springframework.security.web.access.ExceptionTranslationFilter@10efb806, org.springframework.security.web.access.intercept.AuthorizationFilter@490f2fad]
2024-08-27T23:31:07.803+09:00  INFO 68727 --- [main] o.s.b.w.embedded.tomcat.TomcatWebServer  : Tomcat started on port 8080 (http) with context path ''
2024-08-27T23:31:07.810+09:00  INFO 68727 --- [main] com.yh.erp.ErpApplication                : Started ErpApplication in 2.708 seconds (process running for 3.054)
2024-08-27T23:32:30.357+09:00  INFO 68727 --- [SpringApplicationShutdownHook] j.LocalContainerEntityManagerFactoryBean : Closing JPA EntityManagerFactory for persistence unit 'default'
2024-08-27T23:32:30.360+09:00  INFO 68727 --- [SpringApplicationShutdownHook] com.zaxxer.hikari.HikariDataSource       : HikariPool-1 - Shutdown initiated...
2024-08-27T23:32:31.449+09:00  INFO 68727 --- [SpringApplicationShutdownHook] com.zaxxer.hikari.HikariDataSource       : HikariPool-1 - Shutdown completed.
2024-08-27T23:32:33.418+09:00  INFO 70414 --- [main] com.yh.erp.ErpApplication                : Starting ErpApplication using Java 17.0.5 with PID 70414 (/Users/min/Documents/toyProject/yh-erp/out/production/classes started by min in /Users/min/Documents/toyProject/yh-erp)
2024-08-27T23:32:33.419+09:00  INFO 70414 --- [main] com.yh.erp.ErpApplication                : The following 1 profile is active: "local"
2024-08-27T23:32:33.741+09:00  INFO 70414 --- [main] .s.d.r.c.RepositoryConfigurationDelegate : Bootstrapping Spring Data JPA repositories in DEFAULT mode.
2024-08-27T23:32:33.775+09:00  INFO 70414 --- [main] .s.d.r.c.RepositoryConfigurationDelegate : Finished Spring Data repository scanning in 31 ms. Found 4 JPA repository interfaces.
2024-08-27T23:32:34.032+09:00  INFO 70414 --- [main] o.s.b.w.embedded.tomcat.TomcatWebServer  : Tomcat initialized with port 8080 (http)
2024-08-27T23:32:34.038+09:00  INFO 70414 --- [main] o.apache.catalina.core.StandardService   : Starting service [Tomcat]
2024-08-27T23:32:34.038+09:00  INFO 70414 --- [main] o.apache.catalina.core.StandardEngine    : Starting Servlet engine: [Apache Tomcat/10.1.19]
2024-08-27T23:32:34.067+09:00  INFO 70414 --- [main] o.a.c.c.C.[Tomcat].[localhost].[/]       : Initializing Spring embedded WebApplicationContext
2024-08-27T23:32:34.067+09:00  INFO 70414 --- [main] w.s.c.ServletWebServerApplicationContext : Root WebApplicationContext: initialization completed in 628 ms
2024-08-27T23:32:34.140+09:00  INFO 70414 --- [main] o.hibernate.jpa.internal.util.LogHelper  : HHH000204: Processing PersistenceUnitInfo [name: default]
2024-08-27T23:32:34.164+09:00  INFO 70414 --- [main] org.hibernate.Version                    : HHH000412: Hibernate ORM core version 6.4.4.Final
2024-08-27T23:32:34.181+09:00  INFO 70414 --- [main] o.h.c.internal.RegionFactoryInitiator    : HHH000026: Second-level cache disabled
2024-08-27T23:32:34.309+09:00  INFO 70414 --- [main] o.s.o.j.p.SpringPersistenceUnitInfo      : No LoadTimeWeaver setup: ignoring JPA class transformer
2024-08-27T23:32:34.323+09:00  INFO 70414 --- [main] com.zaxxer.hikari.HikariDataSource       : HikariPool-1 - Starting...
2024-08-27T23:32:34.324+09:00  WARN 70414 --- [main] c.zaxxer.hikari.util.DriverDataSource    : Registered driver with driverClassName=com.mysql.jdbc.Driver was not found, trying direct instantiation.
2024-08-27T23:32:34.536+09:00  INFO 70414 --- [main] com.zaxxer.hikari.pool.HikariPool        : HikariPool-1 - Added connection com.mysql.cj.jdbc.ConnectionImpl@3ba46845
2024-08-27T23:32:34.537+09:00  INFO 70414 --- [main] com.zaxxer.hikari.HikariDataSource       : HikariPool-1 - Start completed.
2024-08-27T23:32:35.048+09:00  INFO 70414 --- [main] o.h.e.t.j.p.i.JtaPlatformInitiator       : HHH000489: No JTA platform available (set 'hibernate.transaction.jta.platform' to enable JTA platform integration)
2024-08-27T23:32:35.050+09:00  INFO 70414 --- [main] j.LocalContainerEntityManagerFactoryBean : Initialized JPA EntityManagerFactory for persistence unit 'default'
2024-08-27T23:32:35.429+09:00  INFO 70414 --- [main] o.s.s.web.DefaultSecurityFilterChain     : Will secure any request with [org.springframework.security.web.session.DisableEncodeUrlFilter@568e2d65, org.springframework.security.web.context.request.async.WebAsyncManagerIntegrationFilter@5e528476, org.springframework.security.web.context.SecurityContextHolderFilter@60c68c7b, org.springframework.security.web.header.HeaderWriterFilter@16eca98a, org.springframework.web.filter.CorsFilter@56728f48, org.springframework.security.web.authentication.logout.LogoutFilter@57eb2555, org.springframework.security.web.authentication.UsernamePasswordAuthenticationFilter@62ad5f35, org.springframework.security.web.authentication.ui.DefaultLoginPageGeneratingFilter@4f466207, org.springframework.security.web.authentication.ui.DefaultLogoutPageGeneratingFilter@281d3ce7, org.springframework.security.web.savedrequest.RequestCacheAwareFilter@7a79a5d6, org.springframework.security.web.servletapi.SecurityContextHolderAwareRequestFilter@4a5eb613, org.springframework.security.web.authentication.AnonymousAuthenticationFilter@fdfd984, org.springframework.security.web.access.ExceptionTranslationFilter@5a106b26, org.springframework.security.web.access.intercept.AuthorizationFilter@34947355]
2024-08-27T23:32:35.559+09:00  INFO 70414 --- [main] o.s.b.w.embedded.tomcat.TomcatWebServer  : Tomcat started on port 8080 (http) with context path ''
2024-08-27T23:32:35.565+09:00  INFO 70414 --- [main] com.yh.erp.ErpApplication                : Started ErpApplication in 2.367 seconds (process running for 2.684)
2024-08-27T23:33:15.298+09:00  INFO 70414 --- [http-nio-8080-exec-1] o.a.c.c.C.[Tomcat].[localhost].[/]       : Initializing Spring DispatcherServlet 'dispatcherServlet'
2024-08-27T23:33:15.298+09:00  INFO 70414 --- [http-nio-8080-exec-1] o.s.web.servlet.DispatcherServlet        : Initializing Servlet 'dispatcherServlet'
2024-08-27T23:33:15.299+09:00  INFO 70414 --- [http-nio-8080-exec-1] o.s.web.servlet.DispatcherServlet        : Completed initialization in 1 ms
2024-08-27T23:33:15.365+09:00  INFO 70414 --- [http-nio-8080-exec-1] c.y.e.i.controller.ProductController     : /products api를 호출합니다.
